Watching for file changes with StatReloader
Performing system checks...

System check identified some issues:

WARNINGS:
todos.Todo: (models.W042) Auto-created primary key used when not defining a primary key type, by default 'django.db.models.AutoField'.
	HINT: Configure the DEFAULT_AUTO_FIELD setting or the TodosConfig.default_auto_field attribute to point to a subclass of AutoField, e.g. 'django.db.models.BigAutoField'.

System check identified 1 issue (0 silenced).
September 02, 2022 - 19:38:07
Django version 4.1, using settings 'todoApp.settings'
Starting development server at http://0.0.0.0:8000/
Quit the server with CONTROL-C.
[02/Sep/2022 19:38:14] "GET / HTTP/1.1" 302 0
[02/Sep/2022 19:38:15] "GET /todos HTTP/1.1" 301 0
[02/Sep/2022 19:38:15] "GET /todos/ HTTP/1.1" 200 3515
[02/Sep/2022 19:38:16] "GET /static/css/style.css HTTP/1.1" 200 225
Not Found: /favicon.ico
[02/Sep/2022 19:38:17] "GET /favicon.ico HTTP/1.1" 404 2574
[02/Sep/2022 19:39:55] "GET / HTTP/1.1" 302 0
[02/Sep/2022 19:39:56] "GET /todos HTTP/1.1" 301 0
[02/Sep/2022 19:39:57] "GET /todos/ HTTP/1.1" 200 3515
[02/Sep/2022 19:39:57] "GET /static/css/style.css HTTP/1.1" 200 225
Not Found: /favicon.ico
[02/Sep/2022 19:39:58] "GET /favicon.ico HTTP/1.1" 404 2574
[02/Sep/2022 19:40:16] "POST /todos/add/ HTTP/1.1" 302 0
[02/Sep/2022 19:40:17] "GET /todos/ HTTP/1.1" 200 4101
[02/Sep/2022 19:40:22] "POST /todos/22/update HTTP/1.1" 302 0
[02/Sep/2022 19:40:23] "GET /todos/22/delete HTTP/1.1" 302 0
[02/Sep/2022 19:40:24] "GET /todos/ HTTP/1.1" 200 3515
Watching for file changes with StatReloader
Performing system checks...

System check identified some issues:

WARNINGS:
todos.Todo: (models.W042) Auto-created primary key used when not defining a primary key type, by default 'django.db.models.AutoField'.
	HINT: Configure the DEFAULT_AUTO_FIELD setting or the TodosConfig.default_auto_field attribute to point to a subclass of AutoField, e.g. 'django.db.models.BigAutoField'.

System check identified 1 issue (0 silenced).
September 02, 2022 - 19:58:44
Django version 4.1, using settings 'todoApp.settings'
Starting development server at http://0.0.0.0:8000/
Quit the server with CONTROL-C.
[02/Sep/2022 19:58:53] "GET / HTTP/1.1" 302 0
[02/Sep/2022 19:58:53] "GET /todos HTTP/1.1" 301 0
[02/Sep/2022 19:58:54] "GET /todos/ HTTP/1.1" 200 3515
[02/Sep/2022 19:58:54] "GET /static/css/style.css HTTP/1.1" 304 0
Watching for file changes with StatReloader
Performing system checks...

System check identified some issues:

WARNINGS:
todos.Todo: (models.W042) Auto-created primary key used when not defining a primary key type, by default 'django.db.models.AutoField'.
	HINT: Configure the DEFAULT_AUTO_FIELD setting or the TodosConfig.default_auto_field attribute to point to a subclass of AutoField, e.g. 'django.db.models.BigAutoField'.

System check identified 1 issue (0 silenced).
September 04, 2022 - 18:51:57
Django version 4.1, using settings 'todoApp.settings'
Starting development server at http://0.0.0.0:8000/
Quit the server with CONTROL-C.
[04/Sep/2022 18:52:05] "GET /todos/ HTTP/1.1" 200 3515
